CRITICAL - 2025-05-27 22:49:13 --> ErrorException: Undefined variable $Titulo
[Method: GET, Route: /]
in APPPATH\Views\front\head_view.php on line 7.
 1 APPPATH\Views\front\head_view.php(7): CodeIgniter\Debug\Exceptions->errorHandler(2, 'Undefined variable $Titulo', 'C:\\xampp\\htdocs\\ProT2_46382175\\app\\Views\\front\\head_view.php', 7)
 2 SYSTEMPATH\View\View.php(224): include('C:\\xampp\\htdocs\\ProT2_46382175\\app\\Views\\front\\head_view.php')
 3 SYSTEMPATH\View\View.php(227): CodeIgniter\View\View->CodeIgniter\View\{closure}()
 4 SYSTEMPATH\Common.php(1173): CodeIgniter\View\View->render('front/head_view', [], true)
 5 APPPATH\Controllers\Home.php(9): view('front/head_view')
 6 SYSTEMPATH\CodeIgniter.php(933): App\Controllers\Home->index()
 7 SYSTEMPATH\CodeIgniter.php(507): CodeIgniter\CodeIgniter->runController(Object(App\Controllers\Home))
 8 SYSTEMPATH\CodeIgniter.php(354): CodeIgniter\CodeIgniter->handleRequest(null, Object(Config\Cache), false)
 9 SYSTEMPATH\Boot.php(334): CodeIgniter\CodeIgniter->run()
10 SYSTEMPATH\Boot.php(67): CodeIgniter\Boot::runCodeIgniter(Object(CodeIgniter\CodeIgniter))
11 FCPATH\index.php(59): CodeIgniter\Boot::bootWeb(Object(Config\Paths))
CRITICAL - 2025-05-27 22:49:22 --> ErrorException: Undefined variable $Titulo
[Method: GET, Route: /]
in APPPATH\Views\front\head_view.php on line 7.
 1 APPPATH\Views\front\head_view.php(7): CodeIgniter\Debug\Exceptions->errorHandler(2, 'Undefined variable $Titulo', 'C:\\xampp\\htdocs\\ProT2_46382175\\app\\Views\\front\\head_view.php', 7)
 2 SYSTEMPATH\View\View.php(224): include('C:\\xampp\\htdocs\\ProT2_46382175\\app\\Views\\front\\head_view.php')
 3 SYSTEMPATH\View\View.php(227): CodeIgniter\View\View->CodeIgniter\View\{closure}()
 4 SYSTEMPATH\Common.php(1173): CodeIgniter\View\View->render('front/head_view', [], true)
 5 APPPATH\Controllers\Home.php(9): view('front/head_view')
 6 SYSTEMPATH\CodeIgniter.php(933): App\Controllers\Home->index()
 7 SYSTEMPATH\CodeIgniter.php(507): CodeIgniter\CodeIgniter->runController(Object(App\Controllers\Home))
 8 SYSTEMPATH\CodeIgniter.php(354): CodeIgniter\CodeIgniter->handleRequest(null, Object(Config\Cache), false)
 9 SYSTEMPATH\Boot.php(334): CodeIgniter\CodeIgniter->run()
10 SYSTEMPATH\Boot.php(67): CodeIgniter\Boot::runCodeIgniter(Object(CodeIgniter\CodeIgniter))
11 FCPATH\index.php(59): CodeIgniter\Boot::bootWeb(Object(Config\Paths))
CRITICAL - 2025-05-27 22:50:13 --> ErrorException: Undefined variable $Titulo
[Method: GET, Route: /]
in APPPATH\Views\front\head_view.php on line 7.
 1 APPPATH\Views\front\head_view.php(7): CodeIgniter\Debug\Exceptions->errorHandler(2, 'Undefined variable $Titulo', 'C:\\xampp\\htdocs\\ProT2_46382175\\app\\Views\\front\\head_view.php', 7)
 2 SYSTEMPATH\View\View.php(224): include('C:\\xampp\\htdocs\\ProT2_46382175\\app\\Views\\front\\head_view.php')
 3 SYSTEMPATH\View\View.php(227): CodeIgniter\View\View->CodeIgniter\View\{closure}()
 4 SYSTEMPATH\Common.php(1173): CodeIgniter\View\View->render('front/head_view', [], true)
 5 APPPATH\Controllers\Home.php(10): view('front/head_view')
 6 SYSTEMPATH\CodeIgniter.php(933): App\Controllers\Home->index()
 7 SYSTEMPATH\CodeIgniter.php(507): CodeIgniter\CodeIgniter->runController(Object(App\Controllers\Home))
 8 SYSTEMPATH\CodeIgniter.php(354): CodeIgniter\CodeIgniter->handleRequest(null, Object(Config\Cache), false)
 9 SYSTEMPATH\Boot.php(334): CodeIgniter\CodeIgniter->run()
10 SYSTEMPATH\Boot.php(67): CodeIgniter\Boot::runCodeIgniter(Object(CodeIgniter\CodeIgniter))
11 FCPATH\index.php(59): CodeIgniter\Boot::bootWeb(Object(Config\Paths))
CRITICAL - 2025-05-27 22:51:29 --> ErrorException: Undefined variable $Titulo
[Method: GET, Route: /]
in APPPATH\Views\front\head_view.php on line 7.
 1 APPPATH\Views\front\head_view.php(7): CodeIgniter\Debug\Exceptions->errorHandler(2, 'Undefined variable $Titulo', 'C:\\xampp\\htdocs\\ProT2_46382175\\app\\Views\\front\\head_view.php', 7)
 2 SYSTEMPATH\View\View.php(224): include('C:\\xampp\\htdocs\\ProT2_46382175\\app\\Views\\front\\head_view.php')
 3 SYSTEMPATH\View\View.php(227): CodeIgniter\View\View->CodeIgniter\View\{closure}()
 4 SYSTEMPATH\Common.php(1173): CodeIgniter\View\View->render('front/head_view', [], true)
 5 APPPATH\Controllers\Home.php(10): view('front/head_view')
 6 SYSTEMPATH\CodeIgniter.php(933): App\Controllers\Home->index()
 7 SYSTEMPATH\CodeIgniter.php(507): CodeIgniter\CodeIgniter->runController(Object(App\Controllers\Home))
 8 SYSTEMPATH\CodeIgniter.php(354): CodeIgniter\CodeIgniter->handleRequest(null, Object(Config\Cache), false)
 9 SYSTEMPATH\Boot.php(334): CodeIgniter\CodeIgniter->run()
10 SYSTEMPATH\Boot.php(67): CodeIgniter\Boot::runCodeIgniter(Object(CodeIgniter\CodeIgniter))
11 FCPATH\index.php(59): CodeIgniter\Boot::bootWeb(Object(Config\Paths))
